[INFO  - 2018-11-07T04:38:24.824Z] GhostDriver - Main - running on port 20914
[INFO  - 2018-11-07T04:38:25.651Z] Session [f71f6ca0-e246-11e8-8aeb-3f9fae33950a] - page.settings - {"XSSAuditingEnabled":false,"javascriptCanCloseWindows":true,"javascriptCanOpenWindows":true,"javascriptEnabled":true,"loadImages":true,"localToRemoteUrlAccessEnabled":false,"userAgent":"Mozilla/5.0 (Windows NT 6.2; WOW64) AppleWebKit/538.1 (KHTML, like Gecko) PhantomJS/2.1.1 Safari/538.1","webSecurityEnabled":true}
[INFO  - 2018-11-07T04:38:25.652Z] Session [f71f6ca0-e246-11e8-8aeb-3f9fae33950a] - page.customHeaders:  - {}
[INFO  - 2018-11-07T04:38:25.652Z] Session [f71f6ca0-e246-11e8-8aeb-3f9fae33950a] - Session.negotiatedCapabilities - {"browserName":"phantomjs","version":"2.1.1","driverName":"ghostdriver","driverVersion":"1.2.0","platform":"windows-10-32bit","javascriptEnabled":true,"takesScreenshot":true,"handlesAlerts":false,"databaseEnabled":false,"locationContextEnabled":false,"applicationCacheEnabled":false,"browserConnectionEnabled":false,"cssSelectorsEnabled":true,"webStorageEnabled":false,"rotatable":false,"acceptSslCerts":false,"nativeEvents":true,"proxy":{"proxyType":"direct"}}
[INFO  - 2018-11-07T04:38:25.653Z] SessionManagerReqHand - _postNewSessionCommand - New Session Created: f71f6ca0-e246-11e8-8aeb-3f9fae33950a
[INFO  - 2018-11-07T04:38:41.845Z] ShutdownReqHand - _handle - About to shutdown
[INFO  - 2018-11-07T04:48:10.806Z] GhostDriver - Main - running on port 3475
[INFO  - 2018-11-07T04:48:11.159Z] Session [541c8cc0-e248-11e8-b8fc-69dc7350b1e0] - page.settings - {"XSSAuditingEnabled":false,"javascriptCanCloseWindows":true,"javascriptCanOpenWindows":true,"javascriptEnabled":true,"loadImages":true,"localToRemoteUrlAccessEnabled":false,"userAgent":"Mozilla/5.0 (Windows NT 6.2; WOW64) AppleWebKit/538.1 (KHTML, like Gecko) PhantomJS/2.1.1 Safari/538.1","webSecurityEnabled":true}
[INFO  - 2018-11-07T04:48:11.159Z] Session [541c8cc0-e248-11e8-b8fc-69dc7350b1e0] - page.customHeaders:  - {}
[INFO  - 2018-11-07T04:48:11.160Z] Session [541c8cc0-e248-11e8-b8fc-69dc7350b1e0] - Session.negotiatedCapabilities - {"browserName":"phantomjs","version":"2.1.1","driverName":"ghostdriver","driverVersion":"1.2.0","platform":"windows-10-32bit","javascriptEnabled":true,"takesScreenshot":true,"handlesAlerts":false,"databaseEnabled":false,"locationContextEnabled":false,"applicationCacheEnabled":false,"browserConnectionEnabled":false,"cssSelectorsEnabled":true,"webStorageEnabled":false,"rotatable":false,"acceptSslCerts":false,"nativeEvents":true,"proxy":{"proxyType":"direct"}}
[INFO  - 2018-11-07T04:48:11.160Z] SessionManagerReqHand - _postNewSessionCommand - New Session Created: 541c8cc0-e248-11e8-b8fc-69dc7350b1e0
[INFO  - 2018-11-07T04:48:11.319Z] ShutdownReqHand - _handle - About to shutdown
[INFO  - 2018-11-07T04:52:36.612Z] GhostDriver - Main - running on port 35167
[INFO  - 2018-11-07T04:52:36.890Z] Session [f2805720-e248-11e8-b459-254e75082b07] - page.settings - {"XSSAuditingEnabled":false,"javascriptCanCloseWindows":true,"javascriptCanOpenWindows":true,"javascriptEnabled":true,"loadImages":true,"localToRemoteUrlAccessEnabled":false,"userAgent":"Mozilla/5.0 (Windows NT 6.2; WOW64) AppleWebKit/538.1 (KHTML, like Gecko) PhantomJS/2.1.1 Safari/538.1","webSecurityEnabled":true}
[INFO  - 2018-11-07T04:52:36.890Z] Session [f2805720-e248-11e8-b459-254e75082b07] - page.customHeaders:  - {}
[INFO  - 2018-11-07T04:52:36.891Z] Session [f2805720-e248-11e8-b459-254e75082b07] - Session.negotiatedCapabilities - {"browserName":"phantomjs","version":"2.1.1","driverName":"ghostdriver","driverVersion":"1.2.0","platform":"windows-10-32bit","javascriptEnabled":true,"takesScreenshot":true,"handlesAlerts":false,"databaseEnabled":false,"locationContextEnabled":false,"applicationCacheEnabled":false,"browserConnectionEnabled":false,"cssSelectorsEnabled":true,"webStorageEnabled":false,"rotatable":false,"acceptSslCerts":false,"nativeEvents":true,"proxy":{"proxyType":"direct"}}
[INFO  - 2018-11-07T04:52:36.891Z] SessionManagerReqHand - _postNewSessionCommand - New Session Created: f2805720-e248-11e8-b459-254e75082b07
[INFO  - 2018-11-07T04:57:36.886Z] SessionManagerReqHand - _cleanupWindowlessSessions - Asynchronous Sessions clean-up phase starting NOW
[INFO  - 2018-11-07T04:57:36.887Z] SessionManagerReqHand - _cleanupWindowlessSessions - Deleted Session 'f2805720-e248-11e8-b459-254e75082b07', because windowless
Images":true,"localToRemoteUrlAccessEnabled":false,"userAgent":"Mozilla/5.0 (Windows NT 6.2; WOW64) AppleWebKit/538.1 (KHTML, like Gecko) PhantomJS/2.1.1 Safari/538.1","webSecurityEnabled":true}
[INFO  - 2018-11-07T04:52:46.928Z] Session [f87bdd70-e248-11e8-87d2-0fd36a063a01] - page.customHeaders:  - {}
[INFO  - 2018-11-07T04:52:46.928Z] Session [f87bdd70-e248-11e8-87d2-0fd36a063a01] - Session.negotiatedCapabilities - {"browserName":"phantomjs","version":"2.1.1","driverName":"ghostdriver","driverVersion":"1.2.0","platform":"windows-10-32bit","javascriptEnabled":true,"takesScreenshot":true,"handlesAlerts":false,"databaseEnabled":false,"locationContextEnabled":false,"applicationCacheEnabled":false,"browserConnectionEnabled":false,"cssSelectorsEnabled":true,"webStorageEnabled":false,"rotatable":false,"acceptSslCerts":false,"nativeEvents":true,"proxy":{"proxyType":"direct"}}
[INFO  - 2018-11-07T04:52:46.928Z] SessionManagerReqHand - _postNewSessionCommand - New Session Created: f87bdd70-e248-11e8-87d2-0fd36a063a01
[INFO  - 2018-11-07T04:52:55.071Z] ShutdownReqHand - _handle - About to shutdown
[INFO  - 2018-11-07T05:09:20.138Z] GhostDriver - Main - running on port 38005
[INFO  - 2018-11-07T05:09:20.629Z] Session [48c73700-e24b-11e8-aefe-e187391a0583] - page.settings - {"XSSAuditingEnabled":false,"javascriptCanCloseWindows":true,"javascriptCanOpenWindows":true,"javascriptEnabled":true,"loadImages":true,"localToRemoteUrlAccessEnabled":false,"userAgent":"Mozilla/5.0 (Windows NT 6.2; WOW64) AppleWebKit/538.1 (KHTML, like Gecko) PhantomJS/2.1.1 Safari/538.1","webSecurityEnabled":true}
[INFO  - 2018-11-07T05:09:20.630Z] Session [48c73700-e24b-11e8-aefe-e187391a0583] - page.customHeaders:  - {}
[INFO  - 2018-11-07T05:09:20.630Z] Session [48c73700-e24b-11e8-aefe-e187391a0583] - Session.negotiatedCapabilities - {"browserName":"phantomjs","version":"2.1.1","driverName":"ghostdriver","driverVersion":"1.2.0","platform":"windows-10-32bit","javascriptEnabled":true,"takesScreenshot":true,"handlesAlerts":false,"databaseEnabled":false,"locationContextEnabled":false,"applicationCacheEnabled":false,"browserConnectionEnabled":false,"cssSelectorsEnabled":true,"webStorageEnabled":false,"rotatable":false,"acceptSslCerts":false,"nativeEvents":true,"proxy":{"proxyType":"direct"}}
[INFO  - 2018-11-07T05:09:20.630Z] SessionManagerReqHand - _postNewSessionCommand - New Session Created: 48c73700-e24b-11e8-aefe-e187391a0583
[INFO  - 2018-11-07T05:14:20.139Z] SessionManagerReqHand - _cleanupWindowlessSessions - Asynchronous Sessions clean-up phase starting NOW
[INFO  - 2018-11-07T05:14:20.140Z] SessionManagerReqHand - _cleanupWindowlessSessions - Deleted Session '48c73700-e24b-11e8-aefe-e187391a0583', because windowless
Images":true,"localToRemoteUrlAccessEnabled":false,"userAgent":"Mozilla/5.0 (Windows NT 6.2; WOW64) AppleWebKit/538.1 (KHTML, like Gecko) PhantomJS/2.1.1 Safari/538.1","webSecurityEnabled":true}
[INFO  - 2018-11-07T05:09:23.026Z] Session [4a34d0c0-e24b-11e8-87ea-219baff94106] - page.customHeaders:  - {}
[INFO  - 2018-11-07T05:09:23.027Z] Session [4a34d0c0-e24b-11e8-87ea-219baff94106] - Session.negotiatedCapabilities - {"browserName":"phantomjs","version":"2.1.1","driverName":"ghostdriver","driverVersion":"1.2.0","platform":"windows-10-32bit","javascriptEnabled":true,"takesScreenshot":true,"handlesAlerts":false,"databaseEnabled":false,"locationContextEnabled":false,"applicationCacheEnabled":false,"browserConnectionEnabled":false,"cssSelectorsEnabled":true,"webStorageEnabled":false,"rotatable":false,"acceptSslCerts":false,"nativeEvents":true,"proxy":{"proxyType":"direct"}}
[INFO  - 2018-11-07T05:09:23.027Z] SessionManagerReqHand - _postNewSessionCommand - New Session Created: 4a34d0c0-e24b-11e8-87ea-219baff94106
[INFO  - 2018-11-07T05:09:23.282Z] ShutdownReqHand - _handle - About to shutdown
[INFO  - 2018-11-07T05:13:45.219Z] GhostDriver - Main - running on port 33809
[INFO  - 2018-11-07T05:13:45.878Z] Session [e6e015b0-e24b-11e8-86b8-b70a38db1c68] - page.settings - {"XSSAuditingEnabled":false,"javascriptCanCloseWindows":true,"javascriptCanOpenWindows":true,"javascriptEnabled":true,"loadImages":true,"localToRemoteUrlAccessEnabled":false,"userAgent":"Mozilla/5.0 (Windows NT 6.2; WOW64) AppleWebKit/538.1 (KHTML, like Gecko) PhantomJS/2.1.1 Safari/538.1","webSecurityEnabled":true}
[INFO  - 2018-11-07T05:13:45.878Z] Session [e6e015b0-e24b-11e8-86b8-b70a38db1c68] - page.customHeaders:  - {}
[INFO  - 2018-11-07T05:13:45.879Z] Session [e6e015b0-e24b-11e8-86b8-b70a38db1c68] - Session.negotiatedCapabilities - {"browserName":"phantomjs","version":"2.1.1","driverName":"ghostdriver","driverVersion":"1.2.0","platform":"windows-10-32bit","javascriptEnabled":true,"takesScreenshot":true,"handlesAlerts":false,"databaseEnabled":false,"locationContextEnabled":false,"applicationCacheEnabled":false,"browserConnectionEnabled":false,"cssSelectorsEnabled":true,"webStorageEnabled":false,"rotatable":false,"acceptSslCerts":false,"nativeEvents":true,"proxy":{"proxyType":"direct"}}
[INFO  - 2018-11-07T05:13:45.879Z] SessionManagerReqHand - _postNewSessionCommand - New Session Created: e6e015b0-e24b-11e8-86b8-b70a38db1c68
[INFO  - 2018-11-07T05:18:45.214Z] SessionManagerReqHand - _cleanupWindowlessSessions - Asynchronous Sessions clean-up phase starting NOW
[INFO  - 2018-11-07T05:18:45.215Z] SessionManagerReqHand - _cleanupWindowlessSessions - Deleted Session 'e6e015b0-e24b-11e8-86b8-b70a38db1c68', because windowless
Images":true,"localToRemoteUrlAccessEnabled":false,"userAgent":"Mozilla/5.0 (Windows NT 6.2; WOW64) AppleWebKit/538.1 (KHTML, like Gecko) PhantomJS/2.1.1 Safari/538.1","webSecurityEnabled":true}
[INFO  - 2018-11-07T05:13:55.266Z] Session [ec786d60-e24b-11e8-b52f-cd9f9ed7d36a] - page.customHeaders:  - {}
[INFO  - 2018-11-07T05:13:55.266Z] Session [ec786d60-e24b-11e8-b52f-cd9f9ed7d36a] - Session.negotiatedCapabilities - {"browserName":"phantomjs","version":"2.1.1","driverName":"ghostdriver","driverVersion":"1.2.0","platform":"windows-10-32bit","javascriptEnabled":true,"takesScreenshot":true,"handlesAlerts":false,"databaseEnabled":false,"locationContextEnabled":false,"applicationCacheEnabled":false,"browserConnectionEnabled":false,"cssSelectorsEnabled":true,"webStorageEnabled":false,"rotatable":false,"acceptSslCerts":false,"nativeEvents":true,"proxy":{"proxyType":"direct"}}
[INFO  - 2018-11-07T05:13:55.267Z] SessionManagerReqHand - _postNewSessionCommand - New Session Created: ec786d60-e24b-11e8-b52f-cd9f9ed7d36a
[INFO  - 2018-11-07T05:14:01.939Z] ShutdownReqHand - _handle - About to shutdown
[INFO  - 2018-11-07T05:46:42.404Z] GhostDriver - Main - running on port 38852
[INFO  - 2018-11-07T05:46:43.179Z] Session [81710950-e250-11e8-a782-c9299cd7363b] - page.settings - {"XSSAuditingEnabled":false,"javascriptCanCloseWindows":true,"javascriptCanOpenWindows":true,"javascriptEnabled":true,"loadImages":true,"localToRemoteUrlAccessEnabled":false,"userAgent":"Mozilla/5.0 (Windows NT 6.2; WOW64) AppleWebKit/538.1 (KHTML, like Gecko) PhantomJS/2.1.1 Safari/538.1","webSecurityEnabled":true}
[INFO  - 2018-11-07T05:46:43.179Z] Session [81710950-e250-11e8-a782-c9299cd7363b] - page.customHeaders:  - {}
[INFO  - 2018-11-07T05:46:43.180Z] Session [81710950-e250-11e8-a782-c9299cd7363b] - Session.negotiatedCapabilities - {"browserName":"phantomjs","version":"2.1.1","driverName":"ghostdriver","driverVersion":"1.2.0","platform":"windows-10-32bit","javascriptEnabled":true,"takesScreenshot":true,"handlesAlerts":false,"databaseEnabled":false,"locationContextEnabled":false,"applicationCacheEnabled":false,"browserConnectionEnabled":false,"cssSelectorsEnabled":true,"webStorageEnabled":false,"rotatable":false,"acceptSslCerts":false,"nativeEvents":true,"proxy":{"proxyType":"direct"}}
[INFO  - 2018-11-07T05:46:43.180Z] SessionManagerReqHand - _postNewSessionCommand - New Session Created: 81710950-e250-11e8-a782-c9299cd7363b
[INFO  - 2018-11-07T05:46:56.769Z] ShutdownReqHand - _handle - About to shutdown
[INFO  - 2018-11-07T05:48:26.115Z] GhostDriver - Main - running on port 28123
[INFO  - 2018-11-07T05:48:26.548Z] Session [bf0e0bf0-e250-11e8-8df2-e713d043ff45] - page.settings - {"XSSAuditingEnabled":false,"javascriptCanCloseWindows":true,"javascriptCanOpenWindows":true,"javascriptEnabled":true,"loadImages":true,"localToRemoteUrlAccessEnabled":false,"userAgent":"Mozilla/5.0 (Windows NT 6.2; WOW64) AppleWebKit/538.1 (KHTML, like Gecko) PhantomJS/2.1.1 Safari/538.1","webSecurityEnabled":true}
[INFO  - 2018-11-07T05:48:26.549Z] Session [bf0e0bf0-e250-11e8-8df2-e713d043ff45] - page.customHeaders:  - {}
[INFO  - 2018-11-07T05:48:26.549Z] Session [bf0e0bf0-e250-11e8-8df2-e713d043ff45] - Session.negotiatedCapabilities - {"browserName":"phantomjs","version":"2.1.1","driverName":"ghostdriver","driverVersion":"1.2.0","platform":"windows-10-32bit","javascriptEnabled":true,"takesScreenshot":true,"handlesAlerts":false,"databaseEnabled":false,"locationContextEnabled":false,"applicationCacheEnabled":false,"browserConnectionEnabled":false,"cssSelectorsEnabled":true,"webStorageEnabled":false,"rotatable":false,"acceptSslCerts":false,"nativeEvents":true,"proxy":{"proxyType":"direct"}}
[INFO  - 2018-11-07T05:48:26.549Z] SessionManagerReqHand - _postNewSessionCommand - New Session Created: bf0e0bf0-e250-11e8-8df2-e713d043ff45
[INFO  - 2018-11-07T05:48:26.647Z] ShutdownReqHand - _handle - About to shutdown
[INFO  - 2018-11-07T06:16:27.628Z] GhostDriver - Main - running on port 30340
[INFO  - 2018-11-07T06:16:28.079Z] Session [a95350a0-e254-11e8-ab20-7137d2366a7a] - page.settings - {"XSSAuditingEnabled":false,"javascriptCanCloseWindows":true,"javascriptCanOpenWindows":true,"javascriptEnabled":true,"loadImages":true,"localToRemoteUrlAccessEnabled":false,"userAgent":"Mozilla/5.0 (Windows NT 6.2; WOW64) AppleWebKit/538.1 (KHTML, like Gecko) PhantomJS/2.1.1 Safari/538.1","webSecurityEnabled":true}
[INFO  - 2018-11-07T06:16:28.079Z] Session [a95350a0-e254-11e8-ab20-7137d2366a7a] - page.customHeaders:  - {}
[INFO  - 2018-11-07T06:16:28.080Z] Session [a95350a0-e254-11e8-ab20-7137d2366a7a] - Session.negotiatedCapabilities - {"browserName":"phantomjs","version":"2.1.1","driverName":"ghostdriver","driverVersion":"1.2.0","platform":"windows-10-32bit","javascriptEnabled":true,"takesScreenshot":true,"handlesAlerts":false,"databaseEnabled":false,"locationContextEnabled":false,"applicationCacheEnabled":false,"browserConnectionEnabled":false,"cssSelectorsEnabled":true,"webStorageEnabled":false,"rotatable":false,"acceptSslCerts":false,"nativeEvents":true,"proxy":{"proxyType":"direct"}}
[INFO  - 2018-11-07T06:16:28.080Z] SessionManagerReqHand - _postNewSessionCommand - New Session Created: a95350a0-e254-11e8-ab20-7137d2366a7a
[INFO  - 2018-11-07T06:21:27.693Z] SessionManagerReqHand - _cleanupWindowlessSessions - Asynchronous Sessions clean-up phase starting NOW
[INFO  - 2018-11-07T06:21:27.694Z] SessionManagerReqHand - _cleanupWindowlessSessions - Deleted Session 'a95350a0-e254-11e8-ab20-7137d2366a7a', because windowless
Images":true,"localToRemoteUrlAccessEnabled":false,"userAgent":"Mozilla/5.0 (Windows NT 6.2; WOW64) AppleWebKit/538.1 (KHTML, like Gecko) PhantomJS/2.1.1 Safari/538.1","webSecurityEnabled":true}
[INFO  - 2018-11-07T06:16:36.690Z] Session [ae74caa0-e254-11e8-8fd3-db025f930d29] - page.customHeaders:  - {}
[INFO  - 2018-11-07T06:16:36.691Z] Session [ae74caa0-e254-11e8-8fd3-db025f930d29] - Session.negotiatedCapabilities - {"browserName":"phantomjs","version":"2.1.1","driverName":"ghostdriver","driverVersion":"1.2.0","platform":"windows-10-32bit","javascriptEnabled":true,"takesScreenshot":true,"handlesAlerts":false,"databaseEnabled":false,"locationContextEnabled":false,"applicationCacheEnabled":false,"browserConnectionEnabled":false,"cssSelectorsEnabled":true,"webStorageEnabled":false,"rotatable":false,"acceptSslCerts":false,"nativeEvents":true,"proxy":{"proxyType":"direct"}}
[INFO  - 2018-11-07T06:16:36.691Z] SessionManagerReqHand - _postNewSessionCommand - New Session Created: ae74caa0-e254-11e8-8fd3-db025f930d29
[INFO  - 2018-11-07T06:16:44.508Z] ShutdownReqHand - _handle - About to shutdown
[INFO  - 2018-11-07T06:24:05.267Z] GhostDriver - Main - running on port 17807
[INFO  - 2018-11-07T06:24:05.749Z] Session [ba1dc1d0-e255-11e8-9fc5-91978b4e8225] - page.settings - {"XSSAuditingEnabled":false,"javascriptCanCloseWindows":true,"javascriptCanOpenWindows":true,"javascriptEnabled":true,"loadImages":true,"localToRemoteUrlAccessEnabled":false,"userAgent":"Mozilla/5.0 (Windows NT 6.2; WOW64) AppleWebKit/538.1 (KHTML, like Gecko) PhantomJS/2.1.1 Safari/538.1","webSecurityEnabled":true}
[INFO  - 2018-11-07T06:24:05.749Z] Session [ba1dc1d0-e255-11e8-9fc5-91978b4e8225] - page.customHeaders:  - {}
[INFO  - 2018-11-07T06:24:05.749Z] Session [ba1dc1d0-e255-11e8-9fc5-91978b4e8225] - Session.negotiatedCapabilities - {"browserName":"phantomjs","version":"2.1.1","driverName":"ghostdriver","driverVersion":"1.2.0","platform":"windows-10-32bit","javascriptEnabled":true,"takesScreenshot":true,"handlesAlerts":false,"databaseEnabled":false,"locationContextEnabled":false,"applicationCacheEnabled":false,"browserConnectionEnabled":false,"cssSelectorsEnabled":true,"webStorageEnabled":false,"rotatable":false,"acceptSslCerts":false,"nativeEvents":true,"proxy":{"proxyType":"direct"}}
[INFO  - 2018-11-07T06:24:05.749Z] SessionManagerReqHand - _postNewSessionCommand - New Session Created: ba1dc1d0-e255-11e8-9fc5-91978b4e8225
[INFO  - 2018-11-07T06:24:05.888Z] ShutdownReqHand - _handle - About to shutdown
[INFO  - 2018-11-07T06:28:17.938Z] GhostDriver - Main - running on port 17297
[INFO  - 2018-11-07T06:28:18.371Z] Session [50b11ed0-e256-11e8-b85a-9133a500ccc2] - page.settings - {"XSSAuditingEnabled":false,"javascriptCanCloseWindows":true,"javascriptCanOpenWindows":true,"javascriptEnabled":true,"loadImages":true,"localToRemoteUrlAccessEnabled":false,"userAgent":"Mozilla/5.0 (Windows NT 6.2; WOW64) AppleWebKit/538.1 (KHTML, like Gecko) PhantomJS/2.1.1 Safari/538.1","webSecurityEnabled":true}
[INFO  - 2018-11-07T06:28:18.371Z] Session [50b11ed0-e256-11e8-b85a-9133a500ccc2] - page.customHeaders:  - {}
[INFO  - 2018-11-07T06:28:18.372Z] Session [50b11ed0-e256-11e8-b85a-9133a500ccc2] - Session.negotiatedCapabilities - {"browserName":"phantomjs","version":"2.1.1","driverName":"ghostdriver","driverVersion":"1.2.0","platform":"windows-10-32bit","javascriptEnabled":true,"takesScreenshot":true,"handlesAlerts":false,"databaseEnabled":false,"locationContextEnabled":false,"applicationCacheEnabled":false,"browserConnectionEnabled":false,"cssSelectorsEnabled":true,"webStorageEnabled":false,"rotatable":false,"acceptSslCerts":false,"nativeEvents":true,"proxy":{"proxyType":"direct"}}
[INFO  - 2018-11-07T06:28:18.372Z] SessionManagerReqHand - _postNewSessionCommand - New Session Created: 50b11ed0-e256-11e8-b85a-9133a500ccc2
[INFO  - 2018-11-07T06:28:20.138Z] ShutdownReqHand - _handle - About to shutdown
[INFO  - 2018-11-07T06:42:25.803Z] GhostDriver - Main - running on port 21380
[INFO  - 2018-11-07T06:42:26.061Z] Session [49f40b50-e258-11e8-939c-7db383f14c09] - page.settings - {"XSSAuditingEnabled":false,"javascriptCanCloseWindows":true,"javascriptCanOpenWindows":true,"javascriptEnabled":true,"loadImages":true,"localToRemoteUrlAccessEnabled":false,"userAgent":"Mozilla/5.0 (Windows NT 6.2; WOW64) AppleWebKit/538.1 (KHTML, like Gecko) PhantomJS/2.1.1 Safari/538.1","webSecurityEnabled":true}
[INFO  - 2018-11-07T06:42:26.061Z] Session [49f40b50-e258-11e8-939c-7db383f14c09] - page.customHeaders:  - {}
[INFO  - 2018-11-07T06:42:26.061Z] Session [49f40b50-e258-11e8-939c-7db383f14c09] - Session.negotiatedCapabilities - {"browserName":"phantomjs","version":"2.1.1","driverName":"ghostdriver","driverVersion":"1.2.0","platform":"windows-10-32bit","javascriptEnabled":true,"takesScreenshot":true,"handlesAlerts":false,"databaseEnabled":false,"locationContextEnabled":false,"applicationCacheEnabled":false,"browserConnectionEnabled":false,"cssSelectorsEnabled":true,"webStorageEnabled":false,"rotatable":false,"acceptSslCerts":false,"nativeEvents":true,"proxy":{"proxyType":"direct"}}
[INFO  - 2018-11-07T06:42:26.062Z] SessionManagerReqHand - _postNewSessionCommand - New Session Created: 49f40b50-e258-11e8-939c-7db383f14c09
[INFO  - 2018-11-07T06:47:26.183Z] SessionManagerReqHand - _cleanupWindowlessSessions - Asynchronous Sessions clean-up phase starting NOW
[INFO  - 2018-11-07T06:47:26.184Z] SessionManagerReqHand - _cleanupWindowlessSessions - Deleted Session '49f40b50-e258-11e8-939c-7db383f14c09', because windowless
Images":true,"localToRemoteUrlAccessEnabled":false,"userAgent":"Mozilla/5.0 (Windows NT 6.2; WOW64) AppleWebKit/538.1 (KHTML, like Gecko) PhantomJS/2.1.1 Safari/538.1","webSecurityEnabled":true}
[INFO  - 2018-11-07T06:42:33.082Z] Session [4e238430-e258-11e8-bcc7-d57a99c32387] - page.customHeaders:  - {}
[INFO  - 2018-11-07T06:42:33.082Z] Session [4e238430-e258-11e8-bcc7-d57a99c32387] - Session.negotiatedCapabilities - {"browserName":"phantomjs","version":"2.1.1","driverName":"ghostdriver","driverVersion":"1.2.0","platform":"windows-10-32bit","javascriptEnabled":true,"takesScreenshot":true,"handlesAlerts":false,"databaseEnabled":false,"locationContextEnabled":false,"applicationCacheEnabled":false,"browserConnectionEnabled":false,"cssSelectorsEnabled":true,"webStorageEnabled":false,"rotatable":false,"acceptSslCerts":false,"nativeEvents":true,"proxy":{"proxyType":"direct"}}
[INFO  - 2018-11-07T06:42:33.082Z] SessionManagerReqHand - _postNewSessionCommand - New Session Created: 4e238430-e258-11e8-bcc7-d57a99c32387
[INFO  - 2018-11-07T06:42:37.716Z] ShutdownReqHand - _handle - About to shutdown
[INFO  - 2018-11-07T06:50:21.947Z] GhostDriver - Main - running on port 46278
[INFO  - 2018-11-07T06:50:22.249Z] Session [65c89110-e259-11e8-807f-bbeab4b97249] - page.settings - {"XSSAuditingEnabled":false,"javascriptCanCloseWindows":true,"javascriptCanOpenWindows":true,"javascriptEnabled":true,"loadImages":true,"localToRemoteUrlAccessEnabled":false,"userAgent":"Mozilla/5.0 (Windows NT 6.2; WOW64) AppleWebKit/538.1 (KHTML, like Gecko) PhantomJS/2.1.1 Safari/538.1","webSecurityEnabled":true}
[INFO  - 2018-11-07T06:50:22.249Z] Session [65c89110-e259-11e8-807f-bbeab4b97249] - page.customHeaders:  - {}
[INFO  - 2018-11-07T06:50:22.249Z] Session [65c89110-e259-11e8-807f-bbeab4b97249] - Session.negotiatedCapabilities - {"browserName":"phantomjs","version":"2.1.1","driverName":"ghostdriver","driverVersion":"1.2.0","platform":"windows-10-32bit","javascriptEnabled":true,"takesScreenshot":true,"handlesAlerts":false,"databaseEnabled":false,"locationContextEnabled":false,"applicationCacheEnabled":false,"browserConnectionEnabled":false,"cssSelectorsEnabled":true,"webStorageEnabled":false,"rotatable":false,"acceptSslCerts":false,"nativeEvents":true,"proxy":{"proxyType":"direct"}}
[INFO  - 2018-11-07T06:50:22.249Z] SessionManagerReqHand - _postNewSessionCommand - New Session Created: 65c89110-e259-11e8-807f-bbeab4b97249
[INFO  - 2018-11-07T06:55:22.096Z] SessionManagerReqHand - _cleanupWindowlessSessions - Asynchronous Sessions clean-up phase starting NOW
[INFO  - 2018-11-07T06:55:22.097Z] SessionManagerReqHand - _cleanupWindowlessSessions - Deleted Session '65c89110-e259-11e8-807f-bbeab4b97249', because windowless
Images":true,"localToRemoteUrlAccessEnabled":false,"userAgent":"Mozilla/5.0 (Windows NT 6.2; WOW64) AppleWebKit/538.1 (KHTML, like Gecko) PhantomJS/2.1.1 Safari/538.1","webSecurityEnabled":true}
[INFO  - 2018-11-07T06:50:31.545Z] Session [6b537b40-e259-11e8-a485-073b8c1bd141] - page.customHeaders:  - {}
[INFO  - 2018-11-07T06:50:31.546Z] Session [6b537b40-e259-11e8-a485-073b8c1bd141] - Session.negotiatedCapabilities - {"browserName":"phantomjs","version":"2.1.1","driverName":"ghostdriver","driverVersion":"1.2.0","platform":"windows-10-32bit","javascriptEnabled":true,"takesScreenshot":true,"handlesAlerts":false,"databaseEnabled":false,"locationContextEnabled":false,"applicationCacheEnabled":false,"browserConnectionEnabled":false,"cssSelectorsEnabled":true,"webStorageEnabled":false,"rotatable":false,"acceptSslCerts":false,"nativeEvents":true,"proxy":{"proxyType":"direct"}}
[INFO  - 2018-11-07T06:50:31.546Z] SessionManagerReqHand - _postNewSessionCommand - New Session Created: 6b537b40-e259-11e8-a485-073b8c1bd141
[INFO  - 2018-11-07T06:50:37.057Z] ShutdownReqHand - _handle - About to shutdown
[INFO  - 2018-11-07T07:29:47.460Z] GhostDriver - Main - running on port 6400
[INFO  - 2018-11-07T07:29:47.685Z] Session [e7b174d0-e25e-11e8-bf94-8f47669db8ed] - page.settings - {"XSSAuditingEnabled":false,"javascriptCanCloseWindows":true,"javascriptCanOpenWindows":true,"javascriptEnabled":true,"loadImages":true,"localToRemoteUrlAccessEnabled":false,"userAgent":"Mozilla/5.0 (Windows NT 6.2; WOW64) AppleWebKit/538.1 (KHTML, like Gecko) PhantomJS/2.1.1 Safari/538.1","webSecurityEnabled":true}
[INFO  - 2018-11-07T07:29:47.685Z] Session [e7b174d0-e25e-11e8-bf94-8f47669db8ed] - page.customHeaders:  - {}
[INFO  - 2018-11-07T07:29:47.685Z] Session [e7b174d0-e25e-11e8-bf94-8f47669db8ed] - Session.negotiatedCapabilities - {"browserName":"phantomjs","version":"2.1.1","driverName":"ghostdriver","driverVersion":"1.2.0","platform":"windows-10-32bit","javascriptEnabled":true,"takesScreenshot":true,"handlesAlerts":false,"databaseEnabled":false,"locationContextEnabled":false,"applicationCacheEnabled":false,"browserConnectionEnabled":false,"cssSelectorsEnabled":true,"webStorageEnabled":false,"rotatable":false,"acceptSslCerts":false,"nativeEvents":true,"proxy":{"proxyType":"direct"}}
[INFO  - 2018-11-07T07:29:47.685Z] SessionManagerReqHand - _postNewSessionCommand - New Session Created: e7b174d0-e25e-11e8-bf94-8f47669db8ed
[INFO  - 2018-11-07T07:34:47.814Z] SessionManagerReqHand - _cleanupWindowlessSessions - Asynchronous Sessions clean-up phase starting NOW
[INFO  - 2018-11-07T07:34:47.815Z] SessionManagerReqHand - _cleanupWindowlessSessions - Deleted Session 'e7b174d0-e25e-11e8-bf94-8f47669db8ed', because windowless
Images":true,"localToRemoteUrlAccessEnabled":false,"userAgent":"Mozilla/5.0 (Windows NT 6.2; WOW64) AppleWebKit/538.1 (KHTML, like Gecko) PhantomJS/2.1.1 Safari/538.1","webSecurityEnabled":true}
[INFO  - 2018-11-07T07:29:57.622Z] Session [ed9e0700-e25e-11e8-8d06-ed037346696c] - page.customHeaders:  - {}
[INFO  - 2018-11-07T07:29:57.622Z] Session [ed9e0700-e25e-11e8-8d06-ed037346696c] - Session.negotiatedCapabilities - {"browserName":"phantomjs","version":"2.1.1","driverName":"ghostdriver","driverVersion":"1.2.0","platform":"windows-10-32bit","javascriptEnabled":true,"takesScreenshot":true,"handlesAlerts":false,"databaseEnabled":false,"locationContextEnabled":false,"applicationCacheEnabled":false,"browserConnectionEnabled":false,"cssSelectorsEnabled":true,"webStorageEnabled":false,"rotatable":false,"acceptSslCerts":false,"nativeEvents":true,"proxy":{"proxyType":"direct"}}
[INFO  - 2018-11-07T07:29:57.623Z] SessionManagerReqHand - _postNewSessionCommand - New Session Created: ed9e0700-e25e-11e8-8d06-ed037346696c
[INFO  - 2018-11-07T07:34:57.271Z] SessionManagerReqHand - _cleanupWindowlessSessions - Asynchronous Sessions clean-up phase starting NOW
[INFO  - 2018-11-07T07:34:57.272Z] SessionManagerReqHand - _cleanupWindowlessSessions - Deleted Session 'ed9e0700-e25e-11e8-8d06-ed037346696c', because windowless
Images":true,"localToRemoteUrlAccessEnabled":false,"userAgent":"Mozilla/5.0 (Windows NT 6.2; WOW64) AppleWebKit/538.1 (KHTML, like Gecko) PhantomJS/2.1.1 Safari/538.1","webSecurityEnabled":true}
[INFO  - 2018-11-07T07:30:04.722Z] Session [f1d8ca80-e25e-11e8-877d-65578f9245e4] - page.customHeaders:  - {}
[INFO  - 2018-11-07T07:30:04.722Z] Session [f1d8ca80-e25e-11e8-877d-65578f9245e4] - Session.negotiatedCapabilities - {"browserName":"phantomjs","version":"2.1.1","driverName":"ghostdriver","driverVersion":"1.2.0","platform":"windows-10-32bit","javascriptEnabled":true,"takesScreenshot":true,"handlesAlerts":false,"databaseEnabled":false,"locationContextEnabled":false,"applicationCacheEnabled":false,"browserConnectionEnabled":false,"cssSelectorsEnabled":true,"webStorageEnabled":false,"rotatable":false,"acceptSslCerts":false,"nativeEvents":true,"proxy":{"proxyType":"direct"}}
[INFO  - 2018-11-07T07:30:04.722Z] SessionManagerReqHand - _postNewSessionCommand - New Session Created: f1d8ca80-e25e-11e8-877d-65578f9245e4
[INFO  - 2018-11-07T07:35:04.609Z] SessionManagerReqHand - _cleanupWindowlessSessions - Asynchronous Sessions clean-up phase starting NOW
[INFO  - 2018-11-07T07:35:04.609Z] SessionManagerReqHand - _cleanupWindowlessSessions - Deleted Session 'f1d8ca80-e25e-11e8-877d-65578f9245e4', because windowless
Images":true,"localToRemoteUrlAccessEnabled":false,"userAgent":"Mozilla/5.0 (Windows NT 6.2; WOW64) AppleWebKit/538.1 (KHTML, like Gecko) PhantomJS/2.1.1 Safari/538.1","webSecurityEnabled":true}
[INFO  - 2018-11-07T07:31:18.546Z] Session [1dd9bea0-e25f-11e8-a96a-af099f650a9d] - page.customHeaders:  - {}
[INFO  - 2018-11-07T07:31:18.546Z] Session [1dd9bea0-e25f-11e8-a96a-af099f650a9d] - Session.negotiatedCapabilities - {"browserName":"phantomjs","version":"2.1.1","driverName":"ghostdriver","driverVersion":"1.2.0","platform":"windows-10-32bit","javascriptEnabled":true,"takesScreenshot":true,"handlesAlerts":false,"databaseEnabled":false,"locationContextEnabled":false,"applicationCacheEnabled":false,"browserConnectionEnabled":false,"cssSelectorsEnabled":true,"webStorageEnabled":false,"rotatable":false,"acceptSslCerts":false,"nativeEvents":true,"proxy":{"proxyType":"direct"}}
[INFO  - 2018-11-07T07:31:18.546Z] SessionManagerReqHand - _postNewSessionCommand - New Session Created: 1dd9bea0-e25f-11e8-a96a-af099f650a9d
[INFO  - 2018-11-07T07:36:18.523Z] SessionManagerReqHand - _cleanupWindowlessSessions - Asynchronous Sessions clean-up phase starting NOW
[INFO  - 2018-11-07T07:36:18.524Z] SessionManagerReqHand - _cleanupWindowlessSessions - Deleted Session '1dd9bea0-e25f-11e8-a96a-af099f650a9d', because windowless
Images":true,"localToRemoteUrlAccessEnabled":false,"userAgent":"Mozilla/5.0 (Windows NT 6.2; WOW64) AppleWebKit/538.1 (KHTML, like Gecko) PhantomJS/2.1.1 Safari/538.1","webSecurityEnabled":true}
[INFO  - 2018-11-07T07:31:31.230Z] Session [25695270-e25f-11e8-816f-dd4ad18c10e2] - page.customHeaders:  - {}
[INFO  - 2018-11-07T07:31:31.230Z] Session [25695270-e25f-11e8-816f-dd4ad18c10e2] - Session.negotiatedCapabilities - {"browserName":"phantomjs","version":"2.1.1","driverName":"ghostdriver","driverVersion":"1.2.0","platform":"windows-10-32bit","javascriptEnabled":true,"takesScreenshot":true,"handlesAlerts":false,"databaseEnabled":false,"locationContextEnabled":false,"applicationCacheEnabled":false,"browserConnectionEnabled":false,"cssSelectorsEnabled":true,"webStorageEnabled":false,"rotatable":false,"acceptSslCerts":false,"nativeEvents":true,"proxy":{"proxyType":"direct"}}
[INFO  - 2018-11-07T07:31:31.230Z] SessionManagerReqHand - _postNewSessionCommand - New Session Created: 25695270-e25f-11e8-816f-dd4ad18c10e2
[INFO  - 2018-11-07T07:36:30.993Z] SessionManagerReqHand - _cleanupWindowlessSessions - Asynchronous Sessions clean-up phase starting NOW
[INFO  - 2018-11-07T07:36:30.994Z] SessionManagerReqHand - _cleanupWindowlessSessions - Deleted Session '25695270-e25f-11e8-816f-dd4ad18c10e2', because windowless
Images":true,"localToRemoteUrlAccessEnabled":false,"userAgent":"Mozilla/5.0 (Windows NT 6.2; WOW64) AppleWebKit/538.1 (KHTML, like Gecko) PhantomJS/2.1.1 Safari/538.1","webSecurityEnabled":true}
[INFO  - 2018-11-07T07:31:51.055Z] Session [313a8790-e25f-11e8-b596-f7a627ebfee8] - page.customHeaders:  - {}
[INFO  - 2018-11-07T07:31:51.055Z] Session [313a8790-e25f-11e8-b596-f7a627ebfee8] - Session.negotiatedCapabilities - {"browserName":"phantomjs","version":"2.1.1","driverName":"ghostdriver","driverVersion":"1.2.0","platform":"windows-10-32bit","javascriptEnabled":true,"takesScreenshot":true,"handlesAlerts":false,"databaseEnabled":false,"locationContextEnabled":false,"applicationCacheEnabled":false,"browserConnectionEnabled":false,"cssSelectorsEnabled":true,"webStorageEnabled":false,"rotatable":false,"acceptSslCerts":false,"nativeEvents":true,"proxy":{"proxyType":"direct"}}
[INFO  - 2018-11-07T07:31:51.056Z] SessionManagerReqHand - _postNewSessionCommand - New Session Created: 313a8790-e25f-11e8-b596-f7a627ebfee8
[INFO  - 2018-11-07T07:36:50.627Z] SessionManagerReqHand - _cleanupWindowlessSessions - Asynchronous Sessions clean-up phase starting NOW
[INFO  - 2018-11-07T07:36:50.628Z] SessionManagerReqHand - _cleanupWindowlessSessions - Deleted Session '313a8790-e25f-11e8-b596-f7a627ebfee8', because windowless
Images":true,"localToRemoteUrlAccessEnabled":false,"userAgent":"Mozilla/5.0 (Windows NT 6.2; WOW64) AppleWebKit/538.1 (KHTML, like Gecko) PhantomJS/2.1.1 Safari/538.1","webSecurityEnabled":true}
[INFO  - 2018-11-07T07:32:05.838Z] Session [3a0a3c80-e25f-11e8-a7ae-31f05de7c685] - page.customHeaders:  - {}
[INFO  - 2018-11-07T07:32:05.838Z] Session [3a0a3c80-e25f-11e8-a7ae-31f05de7c685] - Session.negotiatedCapabilities - {"browserName":"phantomjs","version":"2.1.1","driverName":"ghostdriver","driverVersion":"1.2.0","platform":"windows-10-32bit","javascriptEnabled":true,"takesScreenshot":true,"handlesAlerts":false,"databaseEnabled":false,"locationContextEnabled":false,"applicationCacheEnabled":false,"browserConnectionEnabled":false,"cssSelectorsEnabled":true,"webStorageEnabled":false,"rotatable":false,"acceptSslCerts":false,"nativeEvents":true,"proxy":{"proxyType":"direct"}}
[INFO  - 2018-11-07T07:32:05.838Z] SessionManagerReqHand - _postNewSessionCommand - New Session Created: 3a0a3c80-e25f-11e8-a7ae-31f05de7c685
[INFO  - 2018-11-07T07:37:05.460Z] SessionManagerReqHand - _cleanupWindowlessSessions - Asynchronous Sessions clean-up phase starting NOW
[INFO  - 2018-11-07T07:37:05.461Z] SessionManagerReqHand - _cleanupWindowlessSessions - Deleted Session '3a0a3c80-e25f-11e8-a7ae-31f05de7c685', because windowless
Images":true,"localToRemoteUrlAccessEnabled":false,"userAgent":"Mozilla/5.0 (Windows NT 6.2; WOW64) AppleWebKit/538.1 (KHTML, like Gecko) PhantomJS/2.1.1 Safari/538.1","webSecurityEnabled":true}
[INFO  - 2018-11-07T07:32:08.096Z] Session [3b62c7a0-e25f-11e8-8422-631de5cb2613] - page.customHeaders:  - {}
[INFO  - 2018-11-07T07:32:08.096Z] Session [3b62c7a0-e25f-11e8-8422-631de5cb2613] - Session.negotiatedCapabilities - {"browserName":"phantomjs","version":"2.1.1","driverName":"ghostdriver","driverVersion":"1.2.0","platform":"windows-10-32bit","javascriptEnabled":true,"takesScreenshot":true,"handlesAlerts":false,"databaseEnabled":false,"locationContextEnabled":false,"applicationCacheEnabled":false,"browserConnectionEnabled":false,"cssSelectorsEnabled":true,"webStorageEnabled":false,"rotatable":false,"acceptSslCerts":false,"nativeEvents":true,"proxy":{"proxyType":"direct"}}
[INFO  - 2018-11-07T07:32:08.097Z] SessionManagerReqHand - _postNewSessionCommand - New Session Created: 3b62c7a0-e25f-11e8-8422-631de5cb2613
[INFO  - 2018-11-07T07:37:07.655Z] SessionManagerReqHand - _cleanupWindowlessSessions - Asynchronous Sessions clean-up phase starting NOW
[INFO  - 2018-11-07T07:37:07.655Z] SessionManagerReqHand - _cleanupWindowlessSessions - Deleted Session '3b62c7a0-e25f-11e8-8422-631de5cb2613', because windowless
Images":true,"localToRemoteUrlAccessEnabled":false,"userAgent":"Mozilla/5.0 (Windows NT 6.2; WOW64) AppleWebKit/538.1 (KHTML, like Gecko) PhantomJS/2.1.1 Safari/538.1","webSecurityEnabled":true}
[INFO  - 2018-11-07T07:32:19.176Z] Session [41fd4d10-e25f-11e8-907a-b74ce6da45b1] - page.customHeaders:  - {}
[INFO  - 2018-11-07T07:32:19.176Z] Session [41fd4d10-e25f-11e8-907a-b74ce6da45b1] - Session.negotiatedCapabilities - {"browserName":"phantomjs","version":"2.1.1","driverName":"ghostdriver","driverVersion":"1.2.0","platform":"windows-10-32bit","javascriptEnabled":true,"takesScreenshot":true,"handlesAlerts":false,"databaseEnabled":false,"locationContextEnabled":false,"applicationCacheEnabled":false,"browserConnectionEnabled":false,"cssSelectorsEnabled":true,"webStorageEnabled":false,"rotatable":false,"acceptSslCerts":false,"nativeEvents":true,"proxy":{"proxyType":"direct"}}
[INFO  - 2018-11-07T07:32:19.176Z] SessionManagerReqHand - _postNewSessionCommand - New Session Created: 41fd4d10-e25f-11e8-907a-b74ce6da45b1
[ERROR - 2018-11-07T07:32:37.784Z] WebElementLocator - _handleLocateCommand - Element(s) NOT Found: GAVE UP. Search Stop Time: 1541575957730
[ERROR - 2018-11-07T07:33:08.082Z] WebElementLocator - _handleLocateCommand - Element(s) NOT Found: GAVE UP. Search Stop Time: 1541575988030
[INFO  - 2018-11-07T07:37:18.734Z] SessionManagerReqHand - _cleanupWindowlessSessions - Asynchronous Sessions clean-up phase starting NOW
[INFO  - 2018-11-07T07:37:18.734Z] SessionManagerReqHand - _cleanupWindowlessSessions - Deleted Session '41fd4d10-e25f-11e8-907a-b74ce6da45b1', because windowless
Images":true,"localToRemoteUrlAccessEnabled":false,"userAgent":"Mozilla/5.0 (Windows NT 6.2; WOW64) AppleWebKit/538.1 (KHTML, like Gecko) PhantomJS/2.1.1 Safari/538.1","webSecurityEnabled":true}
[INFO  - 2018-11-07T07:33:10.590Z] Session [60a29b80-e25f-11e8-8b10-39c24a100633] - page.customHeaders:  - {}
[INFO  - 2018-11-07T07:33:10.591Z] Session [60a29b80-e25f-11e8-8b10-39c24a100633] - Session.negotiatedCapabilities - {"browserName":"phantomjs","version":"2.1.1","driverName":"ghostdriver","driverVersion":"1.2.0","platform":"windows-10-32bit","javascriptEnabled":true,"takesScreenshot":true,"handlesAlerts":false,"databaseEnabled":false,"locationContextEnabled":false,"applicationCacheEnabled":false,"browserConnectionEnabled":false,"cssSelectorsEnabled":true,"webStorageEnabled":false,"rotatable":false,"acceptSslCerts":false,"nativeEvents":true,"proxy":{"proxyType":"direct"}}
[INFO  - 2018-11-07T07:33:10.591Z] SessionManagerReqHand - _postNewSessionCommand - New Session Created: 60a29b80-e25f-11e8-8b10-39c24a100633
[ERROR - 2018-11-07T07:33:29.694Z] WebElementLocator - _handleLocateCommand - Element(s) NOT Found: GAVE UP. Search Stop Time: 1541576009661
[ERROR - 2018-11-07T07:34:00.020Z] WebElementLocator - _handleLocateCommand - Element(s) NOT Found: GAVE UP. Search Stop Time: 1541576039990
[INFO  - 2018-11-07T07:38:10.208Z] SessionManagerReqHand - _cleanupWindowlessSessions - Asynchronous Sessions clean-up phase starting NOW
[INFO  - 2018-11-07T07:38:10.209Z] SessionManagerReqHand - _cleanupWindowlessSessions - Deleted Session '60a29b80-e25f-11e8-8b10-39c24a100633', because windowless
Images":true,"localToRemoteUrlAccessEnabled":false,"userAgent":"Mozilla/5.0 (Windows NT 6.2; WOW64) AppleWebKit/538.1 (KHTML, like Gecko) PhantomJS/2.1.1 Safari/538.1","webSecurityEnabled":true}
[INFO  - 2018-11-07T07:34:02.541Z] Session [7f996550-e25f-11e8-b679-e75242e34891] - page.customHeaders:  - {}
[INFO  - 2018-11-07T07:34:02.541Z] Session [7f996550-e25f-11e8-b679-e75242e34891] - Session.negotiatedCapabilities - {"browserName":"phantomjs","version":"2.1.1","driverName":"ghostdriver","driverVersion":"1.2.0","platform":"windows-10-32bit","javascriptEnabled":true,"takesScreenshot":true,"handlesAlerts":false,"databaseEnabled":false,"locationContextEnabled":false,"applicationCacheEnabled":false,"browserConnectionEnabled":false,"cssSelectorsEnabled":true,"webStorageEnabled":false,"rotatable":false,"acceptSslCerts":false,"nativeEvents":true,"proxy":{"proxyType":"direct"}}
[INFO  - 2018-11-07T07:34:02.542Z] SessionManagerReqHand - _postNewSessionCommand - New Session Created: 7f996550-e25f-11e8-b679-e75242e34891
[INFO  - 2018-11-07T07:39:02.650Z] SessionManagerReqHand - _cleanupWindowlessSessions - Asynchronous Sessions clean-up phase starting NOW
[INFO  - 2018-11-07T07:39:02.650Z] SessionManagerReqHand - _cleanupWindowlessSessions - Deleted Session '7f996550-e25f-11e8-b679-e75242e34891', because windowless
Images":true,"localToRemoteUrlAccessEnabled":false,"userAgent":"Mozilla/5.0 (Windows NT 6.2; WOW64) AppleWebKit/538.1 (KHTML, like Gecko) PhantomJS/2.1.1 Safari/538.1","webSecurityEnabled":true}
[INFO  - 2018-11-07T07:35:20.015Z] Session [adc74b90-e25f-11e8-9124-e19998642539] - page.customHeaders:  - {}
[INFO  - 2018-11-07T07:35:20.015Z] Session [adc74b90-e25f-11e8-9124-e19998642539] - Session.negotiatedCapabilities - {"browserName":"phantomjs","version":"2.1.1","driverName":"ghostdriver","driverVersion":"1.2.0","platform":"windows-10-32bit","javascriptEnabled":true,"takesScreenshot":true,"handlesAlerts":false,"databaseEnabled":false,"locationContextEnabled":false,"applicationCacheEnabled":false,"browserConnectionEnabled":false,"cssSelectorsEnabled":true,"webStorageEnabled":false,"rotatable":false,"acceptSslCerts":false,"nativeEvents":true,"proxy":{"proxyType":"direct"}}
[INFO  - 2018-11-07T07:35:20.015Z] SessionManagerReqHand - _postNewSessionCommand - New Session Created: adc74b90-e25f-11e8-9124-e19998642539
[ERROR - 2018-11-07T07:35:34.307Z] WebElementLocator - _handleLocateCommand - Element(s) NOT Found: GAVE UP. Search Stop Time: 1541576134245
[ERROR - 2018-11-07T07:35:39.607Z] WebElementLocator - _handleLocateCommand - Element(s) NOT Found: GAVE UP. Search Stop Time: 1541576139557
[ERROR - 2018-11-07T07:35:45.791Z] WebElementLocator - _handleLocateCommand - Element(s) NOT Found: GAVE UP. Search Stop Time: 1541576145770
[ERROR - 2018-11-07T07:35:49.120Z] RouterReqHand - _handle.error - {"name":"Invalid Command Method","message":"{\"headers\":{\"Accept-Encoding\":\"gzip\",\"Cache-Control\":\"no-cache\",\"Connection\":\"Keep-Alive\",\"Host\":\"localhost:12735\",\"User-Agent\":\"selenium/3.12.0 (java windows)\"},\"httpVersion\":\"1.1\",\"method\":\"GET\",\"url\":\"/alert_text\",\"urlParsed\":{\"anchor\":\"\",\"query\":\"\",\"file\":\"alert_text\",\"directory\":\"/\",\"path\":\"/alert_text\",\"relative\":\"/alert_text\",\"port\":\"\",\"host\":\"\",\"password\":\"\",\"user\":\"\",\"userInfo\":\"\",\"authority\":\"\",\"protocol\":\"\",\"source\":\"/alert_text\",\"queryKey\":{},\"chunks\":[\"alert_text\"]},\"urlOriginal\":\"/session/adc74b90-e25f-11e8-9124-e19998642539/alert_text\"}","line":202,"sourceURL":"phantomjs://code/session_request_handler.js","stack":"_handle@phantomjs://code/session_request_handler.js:202:66\n_reroute@phantomjs://code/request_handler.js:61:20\n_handle@phantomjs://code/router_request_handler.js:78:46"}
[INFO  - 2018-11-07T07:40:19.926Z] SessionManagerReqHand - _cleanupWindowlessSessions - Asynchronous Sessions clean-up phase starting NOW
[INFO  - 2018-11-07T07:40:19.927Z] SessionManagerReqHand - _cleanupWindowlessSessions - Deleted Session 'adc74b90-e25f-11e8-9124-e19998642539', because windowless
Images":true,"localToRemoteUrlAccessEnabled":false,"userAgent":"Mozilla/5.0 (Windows NT 6.2; WOW64) AppleWebKit/538.1 (KHTML, like Gecko) PhantomJS/2.1.1 Safari/538.1","webSecurityEnabled":true}
[INFO  - 2018-11-07T07:35:51.526Z] Session [c08f7e00-e25f-11e8-a48a-67b03460ee58] - page.customHeaders:  - {}
[INFO  - 2018-11-07T07:35:51.527Z] Session [c08f7e00-e25f-11e8-a48a-67b03460ee58] - Session.negotiatedCapabilities - {"browserName":"phantomjs","version":"2.1.1","driverName":"ghostdriver","driverVersion":"1.2.0","platform":"windows-10-32bit","javascriptEnabled":true,"takesScreenshot":true,"handlesAlerts":false,"databaseEnabled":false,"locationContextEnabled":false,"applicationCacheEnabled":false,"browserConnectionEnabled":false,"cssSelectorsEnabled":true,"webStorageEnabled":false,"rotatable":false,"acceptSslCerts":false,"nativeEvents":true,"proxy":{"proxyType":"direct"}}
[INFO  - 2018-11-07T07:35:51.527Z] SessionManagerReqHand - _postNewSessionCommand - New Session Created: c08f7e00-e25f-11e8-a48a-67b03460ee58
[ERROR - 2018-11-07T07:36:10.262Z] WebElementLocator - _handleLocateCommand - Element(s) NOT Found: GAVE UP. Search Stop Time: 1541576170249
[ERROR - 2018-11-07T07:36:43.576Z] WebElementLocator - _handleLocateCommand - Element(s) NOT Found: GAVE UP. Search Stop Time: 1541576203568
[INFO  - 2018-11-07T07:40:51.229Z] SessionManagerReqHand - _cleanupWindowlessSessions - Asynchronous Sessions clean-up phase starting NOW
[INFO  - 2018-11-07T07:40:51.229Z] SessionManagerReqHand - _cleanupWindowlessSessions - Deleted Session 'c08f7e00-e25f-11e8-a48a-67b03460ee58', because windowless
Images":true,"localToRemoteUrlAccessEnabled":false,"userAgent":"Mozilla/5.0 (Windows NT 6.2; WOW64) AppleWebKit/538.1 (KHTML, like Gecko) PhantomJS/2.1.1 Safari/538.1","webSecurityEnabled":true}
[INFO  - 2018-11-07T07:36:46.085Z] Session [e11488f0-e25f-11e8-90fb-45d8abfae810] - page.customHeaders:  - {}
[INFO  - 2018-11-07T07:36:46.086Z] Session [e11488f0-e25f-11e8-90fb-45d8abfae810] - Session.negotiatedCapabilities - {"browserName":"phantomjs","version":"2.1.1","driverName":"ghostdriver","driverVersion":"1.2.0","platform":"windows-10-32bit","javascriptEnabled":true,"takesScreenshot":true,"handlesAlerts":false,"databaseEnabled":false,"locationContextEnabled":false,"applicationCacheEnabled":false,"browserConnectionEnabled":false,"cssSelectorsEnabled":true,"webStorageEnabled":false,"rotatable":false,"acceptSslCerts":false,"nativeEvents":true,"proxy":{"proxyType":"direct"}}
[INFO  - 2018-11-07T07:36:46.086Z] SessionManagerReqHand - _postNewSessionCommand - New Session Created: e11488f0-e25f-11e8-90fb-45d8abfae810
[INFO  - 2018-11-07T07:41:46.356Z] SessionManagerReqHand - _cleanupWindowlessSessions - Asynchronous Sessions clean-up phase starting NOW
[INFO  - 2018-11-07T07:41:46.357Z] SessionManagerReqHand - _cleanupWindowlessSessions - Deleted Session 'e11488f0-e25f-11e8-90fb-45d8abfae810', because windowless
Images":true,"localToRemoteUrlAccessEnabled":false,"userAgent":"Mozilla/5.0 (Windows NT 6.2; WOW64) AppleWebKit/538.1 (KHTML, like Gecko) PhantomJS/2.1.1 Safari/538.1","webSecurityEnabled":true}
[INFO  - 2018-11-07T07:38:36.844Z] Session [2318b640-e260-11e8-8bc5-35336f08bbc3] - page.customHeaders:  - {}
[INFO  - 2018-11-07T07:38:36.844Z] Session [2318b640-e260-11e8-8bc5-35336f08bbc3] - Session.negotiatedCapabilities - {"browserName":"phantomjs","version":"2.1.1","driverName":"ghostdriver","driverVersion":"1.2.0","platform":"windows-10-32bit","javascriptEnabled":true,"takesScreenshot":true,"handlesAlerts":false,"databaseEnabled":false,"locationContextEnabled":false,"applicationCacheEnabled":false,"browserConnectionEnabled":false,"cssSelectorsEnabled":true,"webStorageEnabled":false,"rotatable":false,"acceptSslCerts":false,"nativeEvents":true,"proxy":{"proxyType":"direct"}}
[INFO  - 2018-11-07T07:38:36.844Z] SessionManagerReqHand - _postNewSessionCommand - New Session Created: 2318b640-e260-11e8-8bc5-35336f08bbc3
[ERROR - 2018-11-07T07:38:58.236Z] WebElementLocator - _handleLocateCommand - Element(s) NOT Found: GAVE UP. Search Stop Time: 1541576338174
[INFO  - 2018-11-07T07:43:36.600Z] SessionManagerReqHand - _cleanupWindowlessSessions - Asynchronous Sessions clean-up phase starting NOW
[INFO  - 2018-11-07T07:43:36.601Z] SessionManagerReqHand - _cleanupWindowlessSessions - Deleted Session '2318b640-e260-11e8-8bc5-35336f08bbc3', because windowless
Images":true,"localToRemoteUrlAccessEnabled":false,"userAgent":"Mozilla/5.0 (Windows NT 6.2; WOW64) AppleWebKit/538.1 (KHTML, like Gecko) PhantomJS/2.1.1 Safari/538.1","webSecurityEnabled":true}
[INFO  - 2018-11-07T07:39:00.831Z] Session [31652490-e260-11e8-b784-09259057e569] - page.customHeaders:  - {}
[INFO  - 2018-11-07T07:39:00.831Z] Session [31652490-e260-11e8-b784-09259057e569] - Session.negotiatedCapabilities - {"browserName":"phantomjs","version":"2.1.1","driverName":"ghostdriver","driverVersion":"1.2.0","platform":"windows-10-32bit","javascriptEnabled":true,"takesScreenshot":true,"handlesAlerts":false,"databaseEnabled":false,"locationContextEnabled":false,"applicationCacheEnabled":false,"browserConnectionEnabled":false,"cssSelectorsEnabled":true,"webStorageEnabled":false,"rotatable":false,"acceptSslCerts":false,"nativeEvents":true,"proxy":{"proxyType":"direct"}}
[INFO  - 2018-11-07T07:39:00.831Z] SessionManagerReqHand - _postNewSessionCommand - New Session Created: 31652490-e260-11e8-b784-09259057e569
[INFO  - 2018-11-07T07:44:00.476Z] SessionManagerReqHand - _cleanupWindowlessSessions - Asynchronous Sessions clean-up phase starting NOW
[INFO  - 2018-11-07T07:44:00.477Z] SessionManagerReqHand - _cleanupWindowlessSessions - Deleted Session '31652490-e260-11e8-b784-09259057e569', because windowless
mages":true,"localToRemoteUrlAccessEnabled":false,"userAgent":"Mozilla/5.0 (Windows NT 6.2; WOW64) AppleWebKit/538.1 (KHTML, like Gecko) PhantomJS/2.1.1 Safari/538.1","webSecurityEnabled":true}
[INFO  - 2018-11-07T07:39:03.209Z] Session [32cfd820-e260-11e8-b39a-e1e1f319d4ac] - page.customHeaders:  - {}
[INFO  - 2018-11-07T07:39:03.209Z] Session [32cfd820-e260-11e8-b39a-e1e1f319d4ac] - Session.negotiatedCapabilities - {"browserName":"phantomjs","version":"2.1.1","driverName":"ghostdriver","driverVersion":"1.2.0","platform":"windows-10-32bit","javascriptEnabled":true,"takesScreenshot":true,"handlesAlerts":false,"databaseEnabled":false,"locationContextEnabled":false,"applicationCacheEnabled":false,"browserConnectionEnabled":false,"cssSelectorsEnabled":true,"webStorageEnabled":false,"rotatable":false,"acceptSslCerts":false,"nativeEvents":true,"proxy":{"proxyType":"direct"}}
[INFO  - 2018-11-07T07:39:03.209Z] SessionManagerReqHand - _postNewSessionCommand - New Session Created: 32cfd820-e260-11e8-b39a-e1e1f319d4ac
[INFO  - 2018-11-07T07:44:02.882Z] SessionManagerReqHand - _cleanupWindowlessSessions - Asynchronous Sessions clean-up phase starting NOW
[INFO  - 2018-11-07T07:44:02.883Z] SessionManagerReqHand - _cleanupWindowlessSessions - Deleted Session '32cfd820-e260-11e8-b39a-e1e1f319d4ac', because windowless
Images":true,"localToRemoteUrlAccessEnabled":false,"userAgent":"Mozilla/5.0 (Windows NT 6.2; WOW64) AppleWebKit/538.1 (KHTML, like Gecko) PhantomJS/2.1.1 Safari/538.1","webSecurityEnabled":true}
[INFO  - 2018-11-07T07:39:05.613Z] Session [343eaa60-e260-11e8-b1e7-db03cfaaef0a] - page.customHeaders:  - {}
[INFO  - 2018-11-07T07:39:05.613Z] Session [343eaa60-e260-11e8-b1e7-db03cfaaef0a] - Session.negotiatedCapabilities - {"browserName":"phantomjs","version":"2.1.1","driverName":"ghostdriver","driverVersion":"1.2.0","platform":"windows-10-32bit","javascriptEnabled":true,"takesScreenshot":true,"handlesAlerts":false,"databaseEnabled":false,"locationContextEnabled":false,"applicationCacheEnabled":false,"browserConnectionEnabled":false,"cssSelectorsEnabled":true,"webStorageEnabled":false,"rotatable":false,"acceptSslCerts":false,"nativeEvents":true,"proxy":{"proxyType":"direct"}}
[INFO  - 2018-11-07T07:39:05.613Z] SessionManagerReqHand - _postNewSessionCommand - New Session Created: 343eaa60-e260-11e8-b1e7-db03cfaaef0a
[INFO  - 2018-11-07T07:39:05.916Z] ShutdownReqHand - _handle - About to shutdown
